other setting ! that not needed !!


;;;;;;; gnuserv
;;;;;(require 'gnuserv-compat)
;;;;;(gnuserv-start)
;;;;;;; When loading files reuse existing frames.
;;;;;(setq gnuserv-frame (car (frame-list)))
;;;;;;;
;;;;;(setq gnuserv-frame (lambda (f) (eq f (quote x))))

;;Emacs server for emacsclient
;(server-start)

;; jump
;;(global-set-key [f12] 'semantic-ia-fast-jump)
;;(global-set-key [S-f12]
;;                (lambda ()
;;                  (interactive)
;;                  (if (ring-empty-p (oref semantic-mru-bookmark-ring ring))
;;                      (error "Semantic Bookmark ring is currently empty"))
;;                  (let* ((ring (oref semantic-mru-bookmark-ring ring))
;;                         (alist (semantic-mrub-ring-to-assoc-list ring))
;;                         (first (cdr (car alist))))
;;                    (if (semantic-equivalent-tag-p (oref first tag)
;;                                                   (semantic-current-tag))
;;                        (setq first (cdr (car (cdr alist)))))
;;                    (semantic-mrub-switch-tags first))))

;(warn "my warning msg 1: default-directory: %s" default-directory)
;(warn "my warning msg 1: frame-title-format:%s" frame-title-format)

;;Scrolling without moving the point, not work ?
;;(setq scroll-conservatively 10000)
;;(setq scroll-preserve-screen-position t)

;(add-to-list 'load-path "~/.emacs.d/lisp/dired/")
;;;;;;; dired
;;;;;(require 'dired-x)
;;;;;;; Enable toggling of uninteresting files.
;;;;;(setq dired-omit-files-p t)

;; open parent directory -- not work ??
;(add-hook 'dired-mode-hook (lambda ()
;  (interactive)
;  (define-key dired-mode-map (kbd "<ESC-up>") 'dired-up-directory)
;  (define-key dired-mode-map (kbd "<M-up>")   'dired-up-directory)))

;(add-to-list 'load-path "~/.emacs.d/lisp/cedet-1.0.1/common/")
;(add-to-list 'load-path "~/.emacs.d/lisp/cedet-1.0.1/semantic/")

;(setq frame-title-format (list '(buffer-file-name "emacs@%f" (dired-directory dired-directory "emacs@%b"))))

;;;;;   ;; set identation
;;;;;   (setq indent-line-function 'insert-tab)
;;;;;   (setq tab-stop-list '(4 8 12 16 20 24 28 32 36 40 44))
;;;;;   (setq-default indent-tabs-mode nil)
;;;;;   (setq indent-tabs-mode nil)
;;;;;   (setq-default tab-width 4)
;;;;;   (setq tab-width 4)
;;;;;
;;;;;   ;; c-set-style
;;;;;   (setq c-default-style "linux")
;;;;;   (setq c-basic-offset 4)

